<?xml version="1.0" encoding="UTF-8"?>
<!-- Generated by org.testng.reporters.JUnitReportReporter -->
<testsuite hostname="DESKTOP-THKH13N" failures="0" tests="1" name="testCases.TC001_AccountRegistrationTest" time="3.823" errors="0" timestamp="2024-11-16T14:19:07 IST" skipped="0">
  <testcase classname="testCases.TC001_AccountRegistrationTest" name="verify_account_registration" time="3.823"/>
</testsuite> <!-- testCases.TC001_AccountRegistrationTest -->
