<?xml version="1.0" encoding="UTF-8"?>
<!-- Generated by org.testng.reporters.JUnitReportReporter -->
<testsuite hostname="DESKTOP-THKH13N" failures="0" tests="1" name="testCases.TC002_LoginTest" time="2.876" errors="0" timestamp="2024-11-16T14:19:06 IST" skipped="0">
  <testcase classname="testCases.TC002_LoginTest" name="verify_login" time="2.876"/>
</testsuite> <!-- testCases.TC002_LoginTest -->
